le réglage du CO2 Des Nouveaux BrûleUrs
le réglage du CO2 Des Nouveaux BrûleUrs
Front Left Wheel Speed Pulse
Integrated Value
Main central processing unit Forced Termination Detection Record
Variable Gear Ratio System Availability Consistency
Image Processing * Written Protect Record
Back Camera Availability Consistency
Recognition Microcomputer Regular Monitoring Malfunction History
Sub electrically erasable programmable read-only memory Access Status
* Register Request Sending Malfunction Record
Front Left Wheel Speed Sensor Power Supply
* Controller Malfunction
Image Processing * Initialized Malfunction Record
Recognition Microcomputer Start Up Malfunction History
Main central processing unit Abnormal Response Record
Back Guide Monitor Type Check
Side Camera * Availability Consistency
Flash Read Only Memory Malfunction
Visual Display Line Status
Height Sensor * Value
Controller Area Network central processing unit Boot Malfunction Record
Bus-off Continuation Detection Record
Main electrically erasable programmable read-only memory Access Status
Recognition Microcomputer Reset Detection History
Fixing Height Sensor Signal
Front Rear Wheel Speed Sensor Power Supply
Image Adjustment Status
DRS With or Without Comparing
System Power Supply Voltage Malfunction Record
Main central processing unit Abnormal Reset Record
Data Check
Mirror Status
* Register Complete Reception Malfunction Record
* Data Check
Main central processing unit Starting Malfunction Record
* Sending Malfunction Record
Calibration central processing unit Malfunction
* Master Reset Malfunction Record
Camera Changing * Signal Status
Invalid Height Sensor Signal
Height Sensor Zero Point * Value
* Master Connect Malfunction Record
* System Status
Front Camera Availability Consistency
Front Rear Wheel Speed Pulse
* Connect Confirmation Malfunction Record
Front Left Wheel Speed Pulse
Status of the Variable Gear Ratio System Availability Consistency *
Status of the Back Camera Availability Consistency *
Status of the Destination Data Check *
Status of the Side Camera * Availability Consistency *
Status of the Shift * Position
Status of the Image Adjustment Status
Processing or Complete
Status of the * Data Check
Status of the Variable Gear Ratio Steering System Status
Status of the Front Camera Availability Consistency *
Controller Area Network Communication Failure
Lost Communication with Power Steering Control Module Rear
Rear Wheel Speed Sensor Malfunction
Back Camera Current Malfunction
Back Camera Feedback Malfunction
Camera Supply Voltage Malfunction
Back or Front or * Side or * Side
Front Wheel Speed Sensor Malfunction
Estimated Traffic Division
* Fusion Control
Traffic Sign Speed Unit
Status of the Estimated Traffic Division
Status of the * Fusion Control
Status of the Traffic Sign Speed Unit
TCC Data
Shift Data
Solenoid Valve Data
Steady State Adaptive Pressure Data
Sélectionner "Lecture" pour afficher les codes enregistrés ou "Ecrire" pour changer les codes actuels
* for measuring exhaust Gas/ * maintenance Mode
* for cutting TRC/ * certification Mode
Battery Status Info Update
Battery Status Info Update is complete
Battery status Info Update has failed
Rotation Speed
Front Right brake pressure
Parking brake System operating unit
Parking brake Control motor actuation
Chronologie Témoin haute température de l'embrayage
Rotation Speed
Front Right brake pressure
Parking brake System operating unit
Parking brake Control motor actuation
Acceleration sensor Active pedestrian protection
Attentiveness Assistant function
Low Voltage Status
* Buzzer Demand
* Equipped Information
* Alarm Activation Distance Retention Setting
Skid Control Buzzer Demand
Lidar Detect Target Distance
Lidar Blockage Status
Status of the * Operation State Retention Setting
Status of the distance of the highest priority object which is detected by Lidar
Status of the * Alarm Activation Distance Retention Setting *
Status of the Number of Diagnosis Code
Other System Malfunction
Heater Activation Relay Open
Brake Control Signal Malfunction
Camera Axis Not Adjusted
Destination Information Uninitialized
Camera Incorrect Axial Gap
Crossroads Warning
Parking Manoeuvre Assistant
Trailer Assistant
Drive Gear
Manual Gear
Vehicle Speed Used for CCS and ASL Computation
Status of Braking Request
Distance Switch Signal
Communication Error from Brake System Control Module to ECM
Retourner dans WheelDiag ADAS (ou équivalent) et suivre les instructions pour le * ème positionnement de l’accessoire de calibration
Une fois le * ème positionnement effectué Valider pour continuer
Operate with Engine ON and the vehicle stopped, For Hybrid Vehicles Ready light should be on
When the daytime running light function isn't provided, this Active test isn't enforceable
Cornering Light/Front Side Illuminate Light
LED Background Illumination Level
Double Flywheel Clutch
LPG Fuel Adaptative Function
GPL Low Pressure Leakage
ICR Relay Differential Voltage
ICR Relay
IS Relay
ICR Relay command
Oil Pressure Pump pwm Command
Daimler Verlog
LPG Vaporizer Shut off Valve
Gaz Control Unit power supply sensor
Input pin * of Gear position switch
Output pin * of Gear position switch
Status of the Cruise Cancel Request
All Speed or high Speed or Normal
Status of the Closed Throttle Position
Status of the Clutch Switch
Status of the * Command
None or Pedal or DSS
Status of the Driving Support ECU
Disable Alternative Fuel System
Fuel Pump Driver Control Module Configuration
HO2S Test
Sensor Supply Voltage Relay
Disable Alternative Fuel System
Fuel Pump Driver Control Module Configuration
HO2S Test
Sensor Supply Voltage Relay
Long Life
Le véhicule est une variante Chine ou Taïwan
Short Range Radar
function with Evasion Assistant
Autonomous Driving Camera
Lane Change Warning function
Lane Departure Warning function
Evasion Assistant function
Décaleur arbre à cames : Déplacement tiroir électrovanne
Remote Software Upgrade Client
Last State Call
Remote Service
Lane Keeping Assistant with active side collision protection function
Remote Software Upgrade Client
Last State Call
Remote Service
Lane Keeping Assistant with active side collision protection function
Blocage / Déblocage du volant de direction
ECU not in Field Mode
La procédure d'accès Login n'a pas pu être effectuée
Au cours du déroulement ultérieur du programme, vous pourrez répéter ou interrompre la procédure d'accès Login
* Duty Bank
* Learn Value Low Bank
Short * Bank Sensor
Fuel System Status Bank
* Learn Value Mid Bank
Accelerator Fully Close Learn Sensor
* Heater Bank Sensor
Long * Bank Sensor
Heater Monitor
Accelerator Fully Closed Learning Value Sensor
Evaporative Purge
Evaporative Monitor
Heater Bank Sensor
Accelerator IDL Position
Throttle Shutdown by Brake Throttle Override
Cylinder Injector * Circuit Low
Cylinder * Injector * Circuit High
Throttle Actuator * Control Motor Circuit
Safety Processor Throttle Shutdown
Misfire Catalyst Damage Levels
Manifold Absolute Pressure Sensor * Too High
Manifold Absolute Pressure Sensor Intermittent
Evaporative System Purge Control Valve * Circuit Shorted
Battery Voltage Too Low to Complete Throttle Autozero
Throttle Actuator * Control Module Performance
Throttle Actuator * Control Module Processor
Misfire Emissions Levels
Output Brightness
Instrument Cluster Power Supply
Left Mirror Warning Indicator
Heater Core Temperature Sensor
Inside Car Temperature Sensor
R/DEF Switch
Control Signal of Blower Motor Relay
Control Signal of R/DEF
Only Evaporative * is commanded during this test
This test activates the Electric Cooling Fan
This active test changes * for Bank * incrementally from
This active test changes the * for Bank * incrementally between
Output Brightness
Instrument Cluster Power Supply
Left Mirror Warning Indicator
Heater Core Temperature Sensor
Inside Car Temperature Sensor
R/DEF Switch
Control Signal of Blower Motor Relay
Control Signal of R/DEF
* Valve position
Si le levier de vitesses est du type * (une seule position mécanique stable) Boite de vitesses au neutre et le levier de vitesses en position *
Si le levier de vitesses est du type * (* Positions mécaniques stables)
* Valve position
* Valve position
* Valve position
Selecting tick will end this procedure and exit Training Mode
Ensure the ignition is in the Key ON Engine OFF position
Do not start to drive until the Tick has been pressed and the next screen appears
Emergency Stop Assistant
Périodicité de la vidange d'huile et périodicité du Service Entretien
L'inspection avec vidange d'huile * Km a été correctement remise à zéro
Masse NOx aval
Masse NOx amont
Signal Irrégulier ou inconnu
Fuite AdBlue
Capteur qualité AdBlue
Control unit EEPROM (timer *) crash end detection delay from HCP (Hybrid Control Processor)
Control unit EEPROM (timer *) crash detection from ORC (Occupant Restraint System) valid
Control unit processor (timer *) crash end detection delay from HCP (Hybrid Control Processor)
Control unit processor (timer *) crash detection from ORC (Occupant Restraint System) valid
DC (Direct Current) quick charge starting time during wake-up mode *
HVIL (High Voltage Interlock Loop), current feedback vehicle
Last SOC (State of Charge) value stored
Maximum temperature when the DC (Direct Current) quick charge starts
Minimum cell voltage when the DC (Direct Current) quick charge starts
Minimum temperature when the DC (Direct Current) quick charge starts
BPCM (Battery Pack Control Module) HVIL (High Voltage Interlock Loop) status battery
DC (Direct Current) quick charge negative contactor
DC (Direct Current) quick charge positive contactor
DC (Direct Current) quick charge test status
Sensor * voltage DC (Direct Current) connection
Meter Buzzer Request
Heater Activate Request
Park View
Engineering Mode
Unwarranted wake up in * status Parking
Sleep mode inhibitor in status Parking
sleep error in status Parking
High-beam Assistant
HVIL (Boucle de verrouillage haute tension) rétroaction du courant de la batterie
Actionneur Boîte de vitesses position *
Programmation Boite de vitesse
Driver Location
Read Variant Configuration
Clear Deployment Record
Deployment Records Cleared
* (High temperature coolant circuit regulation valve *)
Wheelhouse Fan Relay
Sensor 'Coolant level' of the low-temperature circuit has a short circuit to ground
Sensor 'Coolant level' of the low-temperature circuit has a short circuit to positive
Status of Motor Lock
Sub Motor
Motor Lock History
Motor Shaft Angle
Remote Engine Starter Control
Status of Temperature Protection
Status of Overvoltage
Wiper Position
Wiper Switch AUTO
Wiper Stop Request
Wiping Mode Signal
Sensor to Wiper
Temperature Protection History
Winter Position Function
Wiper to Sensor
Store Area
Lower Rev Position
Sensor Abnormal
Wipe Area
Exchange Position
Upper Rev Position
Fail Stop
Wiper Switch Signal Mismatch between LIN and Line
Comfort Access
Remote Control Parking
Manoeuvre Assistant
number of LEDs
Welcome Light Carpet
Circuit interrupteur centrage voie du Régulateur de vitesse
PHEV (Véhicule électrique hybride plug-in)
Accès et démarrage du véhicule par la fonction Bluetooth
mode sport du Stop and Start
nombre de redémarrages automatiques du moteur thermique par la fonction Stop and Start
réglage de l'horloge par le réseau GPS avec ajout de *1 heures (Chine)
réseau Ethernet
activation du réseau Ethernet
allumage clignotant avec une fréquence de *1 Hz
Appui sur le commutateur de la fonction Stop and Start lorsque le véhicule roule
Cette procédure doit être utilisée quand le capteur FPS(systéme de protection anti-incendie) est activé(s'il est activé il bloque le debit de carburant)
Réessayez avec le véhicule à l'état KEY ON(contact clé inséré)
Une procédure non effectué de cette manière peut provoquer un désétalonnage du système IBS(Capteur de batterie intelligent)
Power Supply of Shaft Speed
DCDC Input Voltage
Input Terminal Voltage
Output Terminal Voltage
DCDC Output Current
Output Current to compensating load at IR
Count of Degeneracy shift
Output Mean Current in IG On
Count of Safe Mode shift
Capacitor Temperature
Boost Pressure relay temperature
Boost Pressure relay
Capacitor Management temperature
Capacitor Management voltage
Software version of Shaft Speed
State of Bypass circuit within DCDC Converter
State of Converter circuit within DCDC Converter
State of IR circuit within DCDC Converter
Precharging Warning lamp
Diode Identifier
Signal Request
Request Alternator state
Status Precharging
Result of charge purge on Capacitor after IG Off
Capacitor Management relay
Boost Pressure relay status
Shaft Speed state
Purge Capacitor
Pull Drift Compensation reset
Perform Selftest and clear any codes
Motor Driver
Retry Failure
Comparison Failure
Supply Circuit * Failure
ECU Supply Failure
Sensor Line * Supply Voltage
Motor Relay Output
Motor Decreased Supply Voltage Failure
Intake Manifold Decompression History Flag
Airtight Leak Failure
Motor Revolution
ECU Input Duty
Ignition Increased Supply Voltage Failure
Motor Active Signal
Motor Relay
Short Failure
Evaporative Decompression History Flag
Output Failure
Microcomputer Output Duty
ECU Increased Supply Voltage Failure
Engine Rotate
* Increased Supply Voltage Failure
No Recoded
Abnormal Output in Atmospheric Pressure Sensor
This test turns the Motor
Est-ce que la variante nationale Grande-Bretagne est valable pour le véhicule considéré
Remise à zéro du Service entretien en fonction du kilométrage
Est-ce que la variante nationale Grande-Bretagne est correcte
activation impossible du mode de fonctionnement "Après-vente"
activation impossible du mode de fonctionnement "Client"
le modèle de clé configuré dans le boîtier de servitude intelligent *1 est ''Clé mécanique''
les paramètres du jaugeage carburant sont disponibles dans le menu de mesures paramètres "Instrumentations / informations liées au moteur thermique"
En mode Showroom, la batterie de traction d'un véhicule électrique ou hybride peut-être définitivement endommagée à la suite d'une décharge profonde
Effectuer une charge complète de la batterie de traction avant de mettre le véhicule en mode Showroom
En cas de besoin, utiliser le menu ''Inhibition temporaire du mode économie d'energie'' du menu ''Maintenance - Mode de fonctionnement du boîtier de servitude intelligent *1''
activation impossible du mode de fonctionnement "Après-vente"
activation impossible du mode de fonctionnement "Client"
le modèle de clé configuré dans le boîtier de servitude intelligent *1 est ''Clé mécanique''
les paramètres du jaugeage carburant sont disponibles dans le menu de mesures paramètres "Instrumentations / informations liées au moteur thermique"
En mode Showroom, la batterie de traction d'un véhicule électrique ou hybride peut-être définitivement endommagée à la suite d'une décharge profonde
Effectuer une charge complète de la batterie de traction avant de mettre le véhicule en mode Showroom
En cas de besoin, utiliser le menu ''Inhibition temporaire du mode économie d'energie'' du menu ''Maintenance - Mode de fonctionnement du boîtier de servitude intelligent *1''
Power Liftgate Initialization
Pour les véhicules équipés d’Accès et Démarrage Mains-Libres (ADML), veuillez mettre la clef de contact dans le lecteur de clé pour pouvoir effectuer toutes les opérations de diagnostic.
Pour les véhicules équipés d’Accès et Démarrage Mains-Libres (ADML), mais sans lecteur de clé, mettre la clé sur la partie centrale du tableau de bord ou sur le siège passager (ne pas placer la clé à proximité de l’outil de Diagnostic)
Image disponible dans "Localiser la prise".
Démarrer le réglage de la fonction avec Démarrage et continuer avec Continuer
Resetting the Keep alive memory (KAM) will clear learned values the PCM has stored for adaptive systems such as idle and fuel
IPMA Alignment camera
DTC * is set when the PCM detects a mismatch in configuration data (VIM, Tire Size, Axle Ratio) between the PCM and BCM
Perform PMI on the BCM and correct the vehicle configuration data (VIM, Tire Size, Axle Ratio) if necessary
The EVAP test is designed to test for gross leaks * inch or greater and blockages on applications equipped with OBD-II enhanced EVAP system to address DTCs *
Applications that are not supported are diesel, natural gas, propane, or those applications calibrated to OBD-I, OBD-MINIMUM, Japan-OBD or European-OBD
All EVAP component specific DTCs are repaired first
The Misfire Monitor is not enabled unless a valid Misfire profile correction has been learned
Verify the vehicle is ready to learn a Misfire profile correction
Verify no DTCs are present and the engine is not experiencing any misfire events
To erase the existing Misfire profile correction and enable learning of a new profile, select the Tick.
The following procedure is designed to execute and complete the OBD-II monitors and to clear the Ford * readiness code
To clear all OBD-II Drive Cycle Monitors and set a * code the continuous memory DTCs must be cleared prior to entering the test
Upon clearing continuous memory DTCs the EVAP cold soak timer is reset, allowing the EVAP monitor to execute
If the continuous memory DTCs are not cleared the EVAP cold soak timer requires * hours of soak time to reset
If the engine is started and the ignition switch is returned to the OFF position, the continuous memory DTCs must be cleared or a * hours soak time is required to reset the EVAP cold soak timer
Passenger Restraint Disable Switch Sensor *
Driver Seatbelt Sensor Current
